<?xml version="1.0" encoding="UTF-8"?>
<testng-results skipped="0" failed="0" ignored="0" total="1" passed="1">
  <reporter-output>
  </reporter-output>
  <suite name="Suite" duration-ms="6416" started-at="2021-12-04T22:22:46 IST" finished-at="2021-12-04T22:22:52 IST">
    <groups>
    </groups>
    <test name="Test" duration-ms="6416" started-at="2021-12-04T22:22:46 IST" finished-at="2021-12-04T22:22:52 IST">
      <class name="lesson02.MainPage">
        <test-method status="PASS" signature="openBrowser()[pri:0, instance:lesson02.MainPage@61f8bee4]" name="openBrowser" is-config="true" duration-ms="2823" started-at="2021-12-04T22:22:46 IST" finished-at="2021-12-04T22:22:49 IST">
          <reporter-output>
          </reporter-output>
        </test-method> <!-- openBrowser -->
        <test-method status="PASS" signature="Test01()[pri:0, instance:lesson02.MainPage@61f8bee4]" name="Test01" duration-ms="460" started-at="2021-12-04T22:22:49 IST" finished-at="2021-12-04T22:22:49 IST">
          <reporter-output>
          </reporter-output>
        </test-method> <!-- Test01 -->
        <test-method status="PASS" signature="afterClass()[pri:0, instance:lesson02.MainPage@61f8bee4]" name="afterClass" is-config="true" duration-ms="3111" started-at="2021-12-04T22:22:49 IST" finished-at="2021-12-04T22:22:52 IST">
          <reporter-output>
          </reporter-output>
        </test-method> <!-- afterClass -->
      </class> <!-- lesson02.MainPage -->
    </test> <!-- Test -->
  </suite> <!-- Suite -->
</testng-results>
